# JRE version: OpenJDK Runtime Environment (21.0.7) (build 21.0.7+-13880790-b1038.58)
# Java VM: OpenJDK 64-Bit Server VM (21.0.7+-13880790-b1038.58, mixed mode, tiered, compressed oops, compressed class ptrs, g1 gc, windows-amd64)
GC Precious Log:
 CardTable entry size: 512
 Card Set container configuration: InlinePtr #cards 5 size 8 Array Of Cards #cards 12 size 40 Howl #buckets 4 coarsen threshold 1843 Howl Bitmap #cards 512 size 80 coarsen threshold 460 Card regions per heap region 1 cards per card region 2048
 CPUs: 8 total, 8 available
 Memory: 16160M
 Large Page Support: Disabled
 NUMA Support: Disabled
 Compressed Oops: Enabled (32-bit)
 Heap Region Size: 1M
 Heap Min Capacity: 8M
 Heap Initial Capacity: 254M
 Heap Max Capacity: 2G
 Pre-touch: Disabled
 Parallel Workers: 8
 Concurrent Workers: 2
 Concurrent Refinement Workers: 8
 Periodic GC: Disabled
Heap:
 garbage-first heap   total 265216K, used 161744K [0x0000000080000000, 0x0000000100000000)
  region size 1024K, 4 young (4096K), 4 survivors (4096K)
 Metaspace       used 134834K, committed 137280K, reserved 1179648K
  class space    used 18529K, committed 19712K, reserved 1048576K
GC Heap History (20 events):
Event: 11.991 GC heap after
{Heap after GC invocations=41 (full 0):
 garbage-first heap   total 194560K, used 122828K [0x0000000080000000, 0x0000000100000000)
  region size 1024K, 6 young (6144K), 6 survivors (6144K)
 Metaspace       used 117250K, committed 119552K, reserved 1179648K
  class space    used 16353K, committed 17472K, reserved 1048576K
}
Event: 12.226 GC heap before
{Heap before GC invocations=41 (full 0):
 garbage-first heap   total 194560K, used 176076K [0x0000000080000000, 0x0000000100000000)
  region size 1024K, 59 young (60416K), 6 survivors (6144K)
 Metaspace       used 117707K, committed 120000K, reserved 1179648K
  class space    used 16445K, committed 17536K, reserved 1048576K
}
Event: 12.233 GC heap after
{Heap after GC invocations=42 (full 0):
 garbage-first heap   total 194560K, used 125523K [0x0000000080000000, 0x0000000100000000)
  region size 1024K, 5 young (5120K), 5 survivors (5120K)
 Metaspace       used 117707K, committed 120000K, reserved 1179648K
  class space    used 16445K, committed 17536K, reserved 1048576K
}
Event: 12.492 GC heap before
{Heap before GC invocations=42 (full 0):
 garbage-first heap   total 194560K, used 177747K [0x0000000080000000, 0x0000000100000000)
  region size 1024K, 57 young (58368K), 5 survivors (5120K)
 Metaspace       used 117903K, committed 120192K, reserved 1179648K
  class space    used 16465K, committed 17600K, reserved 1048576K
}
Event: 12.496 GC heap after
{Heap after GC invocations=43 (full 0):
 garbage-first heap   total 233472K, used 128895K [0x0000000080000000, 0x0000000100000000)
  region size 1024K, 5 young (5120K), 5 survivors (5120K)
 Metaspace       used 117903K, committed 120192K, reserved 1179648K
  class space    used 16465K, committed 17600K, reserved 1048576K
}
Event: 12.955 GC heap before
{Heap before GC invocations=44 (full 0):
 garbage-first heap   total 233472K, used 208767K [0x0000000080000000, 0x0000000100000000)
  region size 1024K, 84 young (86016K), 5 survivors (5120K)
 Metaspace       used 118344K, committed 120640K, reserved 1179648K
  class space    used 16509K, committed 17600K, reserved 1048576K
}
Event: 12.961 GC heap after
{Heap after GC invocations=45 (full 0):
 garbage-first heap   total 233472K, used 132469K [0x0000000080000000, 0x0000000100000000)
  region size 1024K, 9 young (9216K), 9 survivors (9216K)
 Metaspace       used 118344K, committed 120640K, reserved 1179648K
  class space    used 16509K, committed 17600K, reserved 1048576K
}
Event: 13.212 GC heap before
{Heap before GC invocations=45 (full 0):
 garbage-first heap   total 233472K, used 210293K [0x0000000080000000, 0x0000000100000000)
  region size 1024K, 86 young (88064K), 9 survivors (9216K)
 Metaspace       used 118410K, committed 120768K, reserved 1179648K
  class space    used 16513K, committed 17664K, reserved 1048576K
}
Event: 13.219 GC heap after
{Heap after GC invocations=46 (full 0):
 garbage-first heap   total 233472K, used 132387K [0x0000000080000000, 0x0000000100000000)
  region size 1024K, 9 young (9216K), 9 survivors (9216K)
 Metaspace       used 118410K, committed 120768K, reserved 1179648K
  class space    used 16513K, committed 17664K, reserved 1048576K
}
Event: 230.719 GC heap before
{Heap before GC invocations=46 (full 0):
 garbage-first heap   total 233472K, used 211235K [0x0000000080000000, 0x0000000100000000)
  region size 1024K, 86 young (88064K), 9 survivors (9216K)
 Metaspace       used 119831K, committed 122112K, reserved 1179648K
  class space    used 16688K, committed 17792K, reserved 1048576K
}
Event: 230.726 GC heap after
{Heap after GC invocations=47 (full 0):
 garbage-first heap   total 233472K, used 137585K [0x0000000080000000, 0x0000000100000000)
  region size 1024K, 10 young (10240K), 10 survivors (10240K)
 Metaspace       used 119831K, committed 122112K, reserved 1179648K
  class space    used 16688K, committed 17792K, reserved 1048576K
}
Event: 231.368 GC heap before
{Heap before GC invocations=48 (full 0):
 garbage-first heap   total 233472K, used 210289K [0x0000000080000000, 0x0000000100000000)
  region size 1024K, 81 young (82944K), 10 survivors (10240K)
 Metaspace       used 120247K, committed 122496K, reserved 1179648K
  class space    used 16690K, committed 17792K, reserved 1048576K
}
Event: 231.379 GC heap after
{Heap after GC invocations=49 (full 0):
 garbage-first heap   total 233472K, used 146059K [0x0000000080000000, 0x0000000100000000)
  region size 1024K, 11 young (11264K), 11 survivors (11264K)
 Metaspace       used 120247K, committed 122496K, reserved 1179648K
  class space    used 16690K, committed 17792K, reserved 1048576K
}
Event: 232.938 GC heap before
{Heap before GC invocations=49 (full 0):
 garbage-first heap   total 233472K, used 208523K [0x0000000080000000, 0x0000000100000000)
  region size 1024K, 73 young (74752K), 11 survivors (11264K)
 Metaspace       used 124492K, committed 126848K, reserved 1179648K
  class space    used 17264K, committed 18432K, reserved 1048576K
}
Event: 232.949 GC heap after
{Heap after GC invocations=50 (full 0):
 garbage-first heap   total 233472K, used 151649K [0x0000000080000000, 0x0000000100000000)
  region size 1024K, 7 young (7168K), 7 survivors (7168K)
 Metaspace       used 124492K, committed 126848K, reserved 1179648K
  class space    used 17264K, committed 18432K, reserved 1048576K
}
Event: 233.000 GC heap before
{Heap before GC invocations=50 (full 0):
 garbage-first heap   total 233472K, used 155745K [0x0000000080000000, 0x0000000100000000)
  region size 1024K, 13 young (13312K), 7 survivors (7168K)
 Metaspace       used 124712K, committed 127104K, reserved 1179648K
  class space    used 17305K, committed 18496K, reserved 1048576K
}
Event: 233.004 GC heap after
{Heap after GC invocations=51 (full 0):
 garbage-first heap   total 233472K, used 152802K [0x0000000080000000, 0x0000000100000000)
  region size 1024K, 2 young (2048K), 2 survivors (2048K)
 Metaspace       used 124712K, committed 127104K, reserved 1179648K
  class space    used 17305K, committed 18496K, reserved 1048576K
}
Event: 233.351 GC heap before
{Heap before GC invocations=52 (full 0):
 garbage-first heap   total 265216K, used 221410K [0x0000000080000000, 0x0000000100000000)
  region size 1024K, 63 young (64512K), 2 survivors (2048K)
 Metaspace       used 127657K, committed 130048K, reserved 1179648K
  class space    used 17603K, committed 18752K, reserved 1048576K
}
Event: 233.359 GC heap after
{Heap after GC invocations=53 (full 0):
 garbage-first heap   total 265216K, used 162880K [0x0000000080000000, 0x0000000100000000)
  region size 1024K, 8 young (8192K), 8 survivors (8192K)
 Metaspace       used 127657K, committed 130048K, reserved 1179648K
  class space    used 17603K, committed 18752K, reserved 1048576K
}
Event: 234.087 GC heap before
{Heap before GC invocations=53 (full 0):
 garbage-first heap   total 265216K, used 242752K [0x0000000080000000, 0x0000000100000000)
  region size 1024K, 83 young (84992K), 8 survivors (8192K)
 Metaspace       used 134834K, committed 137280K, reserved 1179648K
  class space    used 18529K, committed 19712K, reserved 1048576K
}

