# JRE version: OpenJDK Runtime Environment (21.0.7) (build 21.0.7+-13880790-b1038.58)
# Java VM: OpenJDK 64-Bit Server VM (21.0.7+-13880790-b1038.58, mixed mode, tiered, compressed oops, compressed class ptrs, g1 gc, windows-amd64)
GC Precious Log:
 CardTable entry size: 512
 Card Set container configuration: InlinePtr #cards 5 size 8 Array Of Cards #cards 12 size 40 Howl #buckets 4 coarsen threshold 1843 Howl Bitmap #cards 512 size 80 coarsen threshold 460 Card regions per heap region 1 cards per card region 2048
 CPUs: 8 total, 8 available
 Memory: 16160M
 Large Page Support: Disabled
 NUMA Support: Disabled
 Compressed Oops: Enabled (32-bit)
 Heap Region Size: 1M
 Heap Min Capacity: 8M
 Heap Initial Capacity: 254M
 Heap Max Capacity: 2G
 Pre-touch: Disabled
 Parallel Workers: 8
 Concurrent Workers: 2
 Concurrent Refinement Workers: 8
 Periodic GC: Disabled
Heap:
 garbage-first heap   total 275456K, used 222995K [0x0000000080000000, 0x0000000100000000)
  region size 1024K, 61 young (62464K), 2 survivors (2048K)
 Metaspace       used 127943K, committed 130240K, reserved 1179648K
  class space    used 17376K, committed 18496K, reserved 1048576K
GC Heap History (20 events):
Event: 10.559 GC heap before
{Heap before GC invocations=39 (full 0):
 garbage-first heap   total 171008K, used 156454K [0x0000000080000000, 0x0000000100000000)
  region size 1024K, 60 young (61440K), 5 survivors (5120K)
 Metaspace       used 110976K, committed 113216K, reserved 1179648K
  class space    used 15462K, committed 16576K, reserved 1048576K
}
Event: 10.564 GC heap after
{Heap after GC invocations=40 (full 0):
 garbage-first heap   total 171008K, used 103302K [0x0000000080000000, 0x0000000100000000)
  region size 1024K, 6 young (6144K), 6 survivors (6144K)
 Metaspace       used 110976K, committed 113216K, reserved 1179648K
  class space    used 15462K, committed 16576K, reserved 1048576K
}
Event: 11.039 GC heap before
{Heap before GC invocations=41 (full 0):
 garbage-first heap   total 174080K, used 154502K [0x0000000080000000, 0x0000000100000000)
  region size 1024K, 56 young (57344K), 6 survivors (6144K)
 Metaspace       used 114737K, committed 116928K, reserved 1179648K
  class space    used 15987K, committed 17088K, reserved 1048576K
}
Event: 11.045 GC heap after
{Heap after GC invocations=42 (full 0):
 garbage-first heap   total 174080K, used 106773K [0x0000000080000000, 0x0000000100000000)
  region size 1024K, 7 young (7168K), 7 survivors (7168K)
 Metaspace       used 114737K, committed 116928K, reserved 1179648K
  class space    used 15987K, committed 17088K, reserved 1048576K
}
Event: 11.356 GC heap before
{Heap before GC invocations=42 (full 0):
 garbage-first heap   total 174080K, used 156949K [0x0000000080000000, 0x0000000100000000)
  region size 1024K, 56 young (57344K), 7 survivors (7168K)
 Metaspace       used 114980K, committed 117248K, reserved 1179648K
  class space    used 16004K, committed 17088K, reserved 1048576K
}
Event: 11.364 GC heap after
{Heap after GC invocations=43 (full 0):
 garbage-first heap   total 175104K, used 114135K [0x0000000080000000, 0x0000000100000000)
  region size 1024K, 7 young (7168K), 7 survivors (7168K)
 Metaspace       used 114980K, committed 117248K, reserved 1179648K
  class space    used 16004K, committed 17088K, reserved 1048576K
}
Event: 11.803 GC heap before
{Heap before GC invocations=43 (full 0):
 garbage-first heap   total 175104K, used 156119K [0x0000000080000000, 0x0000000100000000)
  region size 1024K, 49 young (50176K), 7 survivors (7168K)
 Metaspace       used 117291K, committed 119680K, reserved 1179648K
  class space    used 16354K, committed 17536K, reserved 1048576K
}
Event: 11.812 GC heap after
{Heap after GC invocations=44 (full 0):
 garbage-first heap   total 210944K, used 121336K [0x0000000080000000, 0x0000000100000000)
  region size 1024K, 7 young (7168K), 7 survivors (7168K)
 Metaspace       used 117291K, committed 119680K, reserved 1179648K
  class space    used 16354K, committed 17536K, reserved 1048576K
}
Event: 12.141 GC heap before
{Heap before GC invocations=45 (full 0):
 garbage-first heap   total 210944K, used 194040K [0x0000000080000000, 0x0000000100000000)
  region size 1024K, 74 young (75776K), 7 survivors (7168K)
 Metaspace       used 119112K, committed 121472K, reserved 1179648K
  class space    used 16542K, committed 17728K, reserved 1048576K
}
Event: 12.146 GC heap after
{Heap after GC invocations=46 (full 0):
 garbage-first heap   total 210944K, used 125741K [0x0000000080000000, 0x0000000100000000)
  region size 1024K, 6 young (6144K), 6 survivors (6144K)
 Metaspace       used 119112K, committed 121472K, reserved 1179648K
  class space    used 16542K, committed 17728K, reserved 1048576K
}
Event: 12.929 GC heap before
{Heap before GC invocations=46 (full 0):
 garbage-first heap   total 210944K, used 191277K [0x0000000080000000, 0x0000000100000000)
  region size 1024K, 71 young (72704K), 6 survivors (6144K)
 Metaspace       used 121345K, committed 123648K, reserved 1179648K
  class space    used 16757K, committed 17856K, reserved 1048576K
}
Event: 12.938 GC heap after
{Heap after GC invocations=47 (full 0):
 garbage-first heap   total 212992K, used 137195K [0x0000000080000000, 0x0000000100000000)
  region size 1024K, 9 young (9216K), 9 survivors (9216K)
 Metaspace       used 121345K, committed 123648K, reserved 1179648K
  class space    used 16757K, committed 17856K, reserved 1048576K
}
Event: 13.485 GC heap before
{Heap before GC invocations=47 (full 0):
 garbage-first heap   total 212992K, used 189419K [0x0000000080000000, 0x0000000100000000)
  region size 1024K, 61 young (62464K), 9 survivors (9216K)
 Metaspace       used 121954K, committed 124288K, reserved 1179648K
  class space    used 16806K, committed 17984K, reserved 1048576K
}
Event: 13.496 GC heap after
{Heap after GC invocations=48 (full 0):
 garbage-first heap   total 214016K, used 150935K [0x0000000080000000, 0x0000000100000000)
  region size 1024K, 8 young (8192K), 8 survivors (8192K)
 Metaspace       used 121954K, committed 124288K, reserved 1179648K
  class space    used 16806K, committed 17984K, reserved 1048576K
}
Event: 13.858 GC heap before
{Heap before GC invocations=49 (full 0):
 garbage-first heap   total 252928K, used 206231K [0x0000000080000000, 0x0000000100000000)
  region size 1024K, 47 young (48128K), 8 survivors (8192K)
 Metaspace       used 122335K, committed 124800K, reserved 1179648K
  class space    used 16839K, committed 18048K, reserved 1048576K
}
Event: 13.864 GC heap after
{Heap after GC invocations=50 (full 0):
 garbage-first heap   total 252928K, used 156644K [0x0000000080000000, 0x0000000100000000)
  region size 1024K, 5 young (5120K), 5 survivors (5120K)
 Metaspace       used 122335K, committed 124800K, reserved 1179648K
  class space    used 16839K, committed 18048K, reserved 1048576K
}
Event: 14.158 GC heap before
{Heap before GC invocations=50 (full 0):
 garbage-first heap   total 252928K, used 220132K [0x0000000080000000, 0x0000000100000000)
  region size 1024K, 68 young (69632K), 5 survivors (5120K)
 Metaspace       used 126087K, committed 128448K, reserved 1179648K
  class space    used 17188K, committed 18368K, reserved 1048576K
}
Event: 14.165 GC heap after
{Heap after GC invocations=51 (full 0):
 garbage-first heap   total 252928K, used 163263K [0x0000000080000000, 0x0000000100000000)
  region size 1024K, 9 young (9216K), 9 survivors (9216K)
 Metaspace       used 126087K, committed 128448K, reserved 1179648K
  class space    used 17188K, committed 18368K, reserved 1048576K
}
Event: 14.390 GC heap before
{Heap before GC invocations=51 (full 0):
 garbage-first heap   total 252928K, used 223679K [0x0000000080000000, 0x0000000100000000)
  region size 1024K, 69 young (70656K), 9 survivors (9216K)
 Metaspace       used 126769K, committed 129152K, reserved 1179648K
  class space    used 17240K, committed 18432K, reserved 1048576K
}
Event: 14.394 GC heap after
{Heap after GC invocations=52 (full 0):
 garbage-first heap   total 252928K, used 164627K [0x0000000080000000, 0x0000000100000000)
  region size 1024K, 2 young (2048K), 2 survivors (2048K)
 Metaspace       used 126769K, committed 129152K, reserved 1179648K
  class space    used 17240K, committed 18432K, reserved 1048576K
}

